<?xml version="1.0" encoding="UTF-8"?>
<coverage generated="1541466632586" clover="3.2.0">
  <project timestamp="1541466632586" name="All files">
    <metrics statements="77" coveredstatements="50" conditionals="8" coveredconditionals="4" methods="27" coveredmethods="9" elements="112" coveredelements="63" complexity="0" loc="77" ncloc="77" packages="2" files="4" classes="4">
      <package name="controllers">
        <metrics statements="46" coveredstatements="43" conditionals="4" coveredconditionals="4" methods="9" coveredmethods="8"/>
        <file name="regexEvaluation.js" path="/home/bruno/programming/bcc/cloud/2018ii/mac5853/url_identifier/controllers/regexEvaluation.js">
          <metrics statements="13" coveredstatements="13" conditionals="2" coveredconditionals="2" methods="3" coveredmethods="3"/>
          <line num="1" count="3" type="stmt"/>
          <line num="47" count="2" type="stmt"/>
          <line num="48" count="2" type="stmt"/>
          <line num="49" count="2" type="stmt"/>
          <line num="50" count="6" type="stmt"/>
          <line num="51" count="6" type="stmt"/>
          <line num="52" count="6" type="stmt"/>
          <line num="53" count="30" type="cond" truecount="2" falsecount="0"/>
          <line num="54" count="1" type="stmt"/>
          <line num="55" count="1" type="stmt"/>
          <line num="56" count="1" type="stmt"/>
          <line num="59" count="2" type="stmt"/>
          <line num="62" count="3" type="stmt"/>
        </file>
        <file name="utils.js" path="/home/bruno/programming/bcc/cloud/2018ii/mac5853/url_identifier/controllers/utils.js">
          <metrics statements="16" coveredstatements="16" conditionals="2" coveredconditionals="2" methods="2" coveredmethods="2"/>
          <line num="1" count="2" type="stmt"/>
          <line num="2" count="2" type="stmt"/>
          <line num="5" count="4" type="stmt"/>
          <line num="7" count="4" type="cond" truecount="2" falsecount="0"/>
          <line num="8" count="1" type="stmt"/>
          <line num="10" count="3" type="stmt"/>
          <line num="11" count="4" type="stmt"/>
          <line num="12" count="4" type="stmt"/>
          <line num="13" count="4" type="stmt"/>
          <line num="14" count="4" type="stmt"/>
          <line num="18" count="1" type="stmt"/>
          <line num="19" count="1" type="stmt"/>
          <line num="20" count="1" type="stmt"/>
          <line num="21" count="1" type="stmt"/>
          <line num="22" count="1" type="stmt"/>
          <line num="25" count="2" type="stmt"/>
        </file>
        <file name="verifier.js" path="/home/bruno/programming/bcc/cloud/2018ii/mac5853/url_identifier/controllers/verifier.js">
          <metrics statements="17" coveredstatements="14" conditionals="0" coveredconditionals="0" methods="4" coveredmethods="3"/>
          <line num="1" count="1" type="stmt"/>
          <line num="2" count="1" type="stmt"/>
          <line num="3" count="1" type="stmt"/>
          <line num="6" count="1" type="stmt"/>
          <line num="8" count="1" type="stmt"/>
          <line num="9" count="2" type="stmt"/>
          <line num="10" count="2" type="stmt"/>
          <line num="11" count="2" type="stmt"/>
          <line num="12" count="2" type="stmt"/>
          <line num="14" count="0" type="stmt"/>
          <line num="15" count="0" type="stmt"/>
          <line num="16" count="0" type="stmt"/>
          <line num="20" count="1" type="stmt"/>
          <line num="21" count="1" type="stmt"/>
          <line num="22" count="1" type="stmt"/>
          <line num="24" count="1" type="stmt"/>
          <line num="28" count="1" type="stmt"/>
        </file>
      </package>
      <package name="db">
        <metrics statements="31" coveredstatements="7" conditionals="4" coveredconditionals="0" methods="18" coveredmethods="1"/>
        <file name="queries.js" path="/home/bruno/programming/bcc/cloud/2018ii/mac5853/url_identifier/db/queries.js">
          <metrics statements="31" coveredstatements="7" conditionals="4" coveredconditionals="0" methods="18" coveredmethods="1"/>
          <line num="1" count="2" type="stmt"/>
          <line num="2" count="2" type="stmt"/>
          <line num="4" count="2" type="stmt"/>
          <line num="12" count="2" type="stmt"/>
          <line num="16" count="2" type="stmt"/>
          <line num="19" count="0" type="stmt"/>
          <line num="20" count="0" type="stmt"/>
          <line num="21" count="0" type="cond" truecount="0" falsecount="2"/>
          <line num="22" count="0" type="stmt"/>
          <line num="23" count="0" type="stmt"/>
          <line num="28" count="0" type="stmt"/>
          <line num="29" count="0" type="stmt"/>
          <line num="30" count="0" type="cond" truecount="0" falsecount="2"/>
          <line num="31" count="0" type="stmt"/>
          <line num="32" count="0" type="stmt"/>
          <line num="39" count="2" type="stmt"/>
          <line num="44" count="0" type="stmt"/>
          <line num="47" count="0" type="stmt"/>
          <line num="48" count="0" type="stmt"/>
          <line num="52" count="0" type="stmt"/>
          <line num="53" count="0" type="stmt"/>
          <line num="61" count="0" type="stmt"/>
          <line num="65" count="0" type="stmt"/>
          <line num="66" count="0" type="stmt"/>
          <line num="74" count="0" type="stmt"/>
          <line num="78" count="0" type="stmt"/>
          <line num="97" count="0" type="stmt"/>
          <line num="104" count="0" type="stmt"/>
          <line num="105" count="0" type="stmt"/>
          <line num="109" count="0" type="stmt"/>
          <line num="114" count="2" type="stmt"/>
        </file>
      </package>
    </metrics>
  </project>
</coverage>
