{"/home/bruno/programming/bcc/cloud/2018ii/mac5853/url_identifier/controllers/regexEvaluation.js": {"path":"/home/bruno/programming/bcc/cloud/2018ii/mac5853/url_identifier/controllers/regexEvaluation.js","statementMap":{"0":{"start":{"line":1,"column":0},"end":{"line":44,"column":1}},"1":{"start":{"line":47,"column":25},"end":{"line":47,"column":49}},"2":{"start":{"line":48,"column":18},"end":{"line":48,"column":19}},"3":{"start":{"line":49,"column":4},"end":{"line":58,"column":5}},"4":{"start":{"line":50,"column":19},"end":{"line":50,"column":34}},"5":{"start":{"line":51,"column":18},"end":{"line":51,"column":25}},"6":{"start":{"line":52,"column":8},"end":{"line":52,"column":29}},"7":{"start":{"line":53,"column":8},"end":{"line":57,"column":9}},"8":{"start":{"line":53,"column":30},"end":{"line":53,"column":44}},"9":{"start":{"line":53,"column":62},"end":{"line":53,"column":65}},"10":{"start":{"line":54,"column":12},"end":{"line":54,"column":32}},"11":{"start":{"line":55,"column":12},"end":{"line":55,"column":24}},"12":{"start":{"line":56,"column":12},"end":{"line":56,"column":18}},"13":{"start":{"line":59,"column":4},"end":{"line":59,"column":37}},"14":{"start":{"line":62,"column":0},"end":{"line":62,"column":32}}},"fnMap":{"0":{"name":"regexEvaluation","decl":{"start":{"line":46,"column":9},"end":{"line":46,"column":24}},"loc":{"start":{"line":46,"column":31},"end":{"line":60,"column":1}},"line":46},"1":{"name":"(anonymous_1)","decl":{"start":{"line":53,"column":21},"end":{"line":53,"column":22}},"loc":{"start":{"line":53,"column":30},"end":{"line":53,"column":44}},"line":53},"2":{"name":"(anonymous_2)","decl":{"start":{"line":53,"column":53},"end":{"line":53,"column":54}},"loc":{"start":{"line":53,"column":62},"end":{"line":53,"column":65}},"line":53}},"branchMap":{"0":{"loc":{"start":{"line":53,"column":8},"end":{"line":57,"column":9}},"type":"if","locations":[{"start":{"line":53,"column":8},"end":{"line":57,"column":9}},{"start":{"line":53,"column":8},"end":{"line":57,"column":9}}],"line":53}},"s":{"0":3,"1":2,"2":2,"3":2,"4":6,"5":6,"6":6,"7":6,"8":30,"9":24,"10":1,"11":1,"12":1,"13":2,"14":3},"f":{"0":2,"1":30,"2":24},"b":{"0":[1,5]},"_coverageSchema":"332fd63041d2c1bcb487cc26dd0d5f7d97098a6c","hash":"f92391a7afbaad31d3154fdfe733a9bfe6352590"}
,"/home/bruno/programming/bcc/cloud/2018ii/mac5853/url_identifier/controllers/utils.js": {"path":"/home/bruno/programming/bcc/cloud/2018ii/mac5853/url_identifier/controllers/utils.js","statementMap":{"0":{"start":{"line":1,"column":16},"end":{"line":1,"column":40}},"1":{"start":{"line":2,"column":24},"end":{"line":2,"column":52}},"2":{"start":{"line":5,"column":4},"end":{"line":6,"column":24}},"3":{"start":{"line":7,"column":4},"end":{"line":10,"column":50}},"4":{"start":{"line":8,"column":8},"end":{"line":8,"column":56}},"5":{"start":{"line":10,"column":8},"end":{"line":10,"column":50}},"6":{"start":{"line":11,"column":4},"end":{"line":11,"column":57}},"7":{"start":{"line":12,"column":4},"end":{"line":12,"column":71}},"8":{"start":{"line":13,"column":4},"end":{"line":13,"column":45}},"9":{"start":{"line":14,"column":4},"end":{"line":14,"column":28}},"10":{"start":{"line":18,"column":15},"end":{"line":18,"column":17}},"11":{"start":{"line":19,"column":4},"end":{"line":19,"column":23}},"12":{"start":{"line":20,"column":4},"end":{"line":20,"column":36}},"13":{"start":{"line":21,"column":4},"end":{"line":21,"column":31}},"14":{"start":{"line":22,"column":4},"end":{"line":22,"column":16}},"15":{"start":{"line":25,"column":0},"end":{"line":25,"column":39}}},"fnMap":{"0":{"name":"handleSite","decl":{"start":{"line":4,"column":15},"end":{"line":4,"column":25}},"loc":{"start":{"line":4,"column":47},"end":{"line":15,"column":1}},"line":4},"1":{"name":"siteHash","decl":{"start":{"line":17,"column":9},"end":{"line":17,"column":17}},"loc":{"start":{"line":17,"column":41},"end":{"line":23,"column":1}},"line":17}},"branchMap":{"0":{"loc":{"start":{"line":7,"column":4},"end":{"line":10,"column":50}},"type":"if","locations":[{"start":{"line":7,"column":4},"end":{"line":10,"column":50}},{"start":{"line":7,"column":4},"end":{"line":10,"column":50}}],"line":7}},"s":{"0":2,"1":2,"2":4,"3":4,"4":1,"5":3,"6":4,"7":4,"8":4,"9":4,"10":1,"11":1,"12":1,"13":1,"14":1,"15":2},"f":{"0":4,"1":1},"b":{"0":[1,3]},"_coverageSchema":"332fd63041d2c1bcb487cc26dd0d5f7d97098a6c","hash":"af73c9220ad8c55ca635c6f66e05ae6ff51fcc0d"}
,"/home/bruno/programming/bcc/cloud/2018ii/mac5853/url_identifier/controllers/verifier.js": {"path":"/home/bruno/programming/bcc/cloud/2018ii/mac5853/url_identifier/controllers/verifier.js","statementMap":{"0":{"start":{"line":1,"column":11},"end":{"line":1,"column":37}},"1":{"start":{"line":2,"column":16},"end":{"line":2,"column":40}},"2":{"start":{"line":3,"column":14},"end":{"line":3,"column":32}},"3":{"start":{"line":4,"column":17},"end":{"line":4,"column":42}},"4":{"start":{"line":6,"column":15},"end":{"line":11,"column":1}},"5":{"start":{"line":13,"column":0},"end":{"line":13,"column":26}},"6":{"start":{"line":16,"column":18},"end":{"line":16,"column":50}},"7":{"start":{"line":18,"column":4},"end":{"line":28,"column":7}},"8":{"start":{"line":19,"column":8},"end":{"line":19,"column":41}},"9":{"start":{"line":20,"column":8},"end":{"line":27,"column":11}},"10":{"start":{"line":21,"column":12},"end":{"line":21,"column":77}},"11":{"start":{"line":22,"column":12},"end":{"line":22,"column":57}},"12":{"start":{"line":24,"column":12},"end":{"line":24,"column":51}},"13":{"start":{"line":25,"column":12},"end":{"line":25,"column":75}},"14":{"start":{"line":26,"column":12},"end":{"line":26,"column":57}},"15":{"start":{"line":30,"column":15},"end":{"line":30,"column":17}},"16":{"start":{"line":31,"column":4},"end":{"line":31,"column":49}},"17":{"start":{"line":32,"column":4},"end":{"line":32,"column":43}},"18":{"start":{"line":34,"column":4},"end":{"line":34,"column":16}},"19":{"start":{"line":38,"column":0},"end":{"line":38,"column":26}}},"fnMap":{"0":{"name":"verifier","decl":{"start":{"line":15,"column":15},"end":{"line":15,"column":23}},"loc":{"start":{"line":15,"column":37},"end":{"line":35,"column":1}},"line":15},"1":{"name":"(anonymous_1)","decl":{"start":{"line":18,"column":26},"end":{"line":18,"column":27}},"loc":{"start":{"line":18,"column":36},"end":{"line":28,"column":5}},"line":18},"2":{"name":"(anonymous_2)","decl":{"start":{"line":20,"column":29},"end":{"line":20,"column":30}},"loc":{"start":{"line":20,"column":45},"end":{"line":23,"column":9}},"line":20},"3":{"name":"(anonymous_3)","decl":{"start":{"line":23,"column":17},"end":{"line":23,"column":18}},"loc":{"start":{"line":23,"column":32},"end":{"line":27,"column":9}},"line":23}},"branchMap":{},"s":{"0":1,"1":1,"2":1,"3":1,"4":1,"5":1,"6":1,"7":1,"8":2,"9":2,"10":2,"11":2,"12":0,"13":0,"14":0,"15":1,"16":1,"17":1,"18":1,"19":1},"f":{"0":1,"1":2,"2":2,"3":0},"b":{},"_coverageSchema":"332fd63041d2c1bcb487cc26dd0d5f7d97098a6c","hash":"5eeebdef150fe027a98c99214551ad5b2cc6d577"}
,"/home/bruno/programming/bcc/cloud/2018ii/mac5853/url_identifier/db/database.js": {"path":"/home/bruno/programming/bcc/cloud/2018ii/mac5853/url_identifier/db/database.js","statementMap":{"0":{"start":{"line":1,"column":14},"end":{"line":1,"column":30}},"1":{"start":{"line":2,"column":14},"end":{"line":2,"column":33}},"2":{"start":{"line":6,"column":8},"end":{"line":6,"column":59}},"3":{"start":{"line":9,"column":8},"end":{"line":15,"column":12}},"4":{"start":{"line":10,"column":12},"end":{"line":14,"column":16}},"5":{"start":{"line":11,"column":16},"end":{"line":12,"column":41}},"6":{"start":{"line":12,"column":20},"end":{"line":12,"column":41}},"7":{"start":{"line":13,"column":16},"end":{"line":13,"column":32}},"8":{"start":{"line":18,"column":8},"end":{"line":24,"column":12}},"9":{"start":{"line":19,"column":12},"end":{"line":23,"column":16}},"10":{"start":{"line":20,"column":16},"end":{"line":21,"column":41}},"11":{"start":{"line":21,"column":20},"end":{"line":21,"column":41}},"12":{"start":{"line":22,"column":16},"end":{"line":22,"column":26}},"13":{"start":{"line":28,"column":0},"end":{"line":28,"column":26}}},"fnMap":{"0":{"name":"(anonymous_0)","decl":{"start":{"line":5,"column":4},"end":{"line":5,"column":5}},"loc":{"start":{"line":5,"column":26},"end":{"line":7,"column":5}},"line":5},"1":{"name":"(anonymous_1)","decl":{"start":{"line":8,"column":4},"end":{"line":8,"column":5}},"loc":{"start":{"line":8,"column":23},"end":{"line":16,"column":5}},"line":8},"2":{"name":"(anonymous_2)","decl":{"start":{"line":9,"column":28},"end":{"line":9,"column":29}},"loc":{"start":{"line":9,"column":51},"end":{"line":15,"column":9}},"line":9},"3":{"name":"(anonymous_3)","decl":{"start":{"line":10,"column":46},"end":{"line":10,"column":47}},"loc":{"start":{"line":10,"column":63},"end":{"line":14,"column":13}},"line":10},"4":{"name":"(anonymous_4)","decl":{"start":{"line":17,"column":4},"end":{"line":17,"column":5}},"loc":{"start":{"line":17,"column":12},"end":{"line":25,"column":5}},"line":17},"5":{"name":"(anonymous_5)","decl":{"start":{"line":18,"column":28},"end":{"line":18,"column":29}},"loc":{"start":{"line":18,"column":51},"end":{"line":24,"column":9}},"line":18},"6":{"name":"(anonymous_6)","decl":{"start":{"line":19,"column":33},"end":{"line":19,"column":34}},"loc":{"start":{"line":19,"column":40},"end":{"line":23,"column":13}},"line":19}},"branchMap":{"0":{"loc":{"start":{"line":11,"column":16},"end":{"line":12,"column":41}},"type":"if","locations":[{"start":{"line":11,"column":16},"end":{"line":12,"column":41}},{"start":{"line":11,"column":16},"end":{"line":12,"column":41}}],"line":11},"1":{"loc":{"start":{"line":20,"column":16},"end":{"line":21,"column":41}},"type":"if","locations":[{"start":{"line":20,"column":16},"end":{"line":21,"column":41}},{"start":{"line":20,"column":16},"end":{"line":21,"column":41}}],"line":20}},"s":{"0":1,"1":1,"2":1,"3":0,"4":0,"5":0,"6":0,"7":0,"8":0,"9":0,"10":0,"11":0,"12":0,"13":1},"f":{"0":1,"1":0,"2":0,"3":0,"4":0,"5":0,"6":0},"b":{"0":[0,0],"1":[0,0]},"_coverageSchema":"332fd63041d2c1bcb487cc26dd0d5f7d97098a6c","hash":"af93c7f4c819bece5b1db51bb62bee6c93ff2737"}
,"/home/bruno/programming/bcc/cloud/2018ii/mac5853/url_identifier/db/queries.js": {"path":"/home/bruno/programming/bcc/cloud/2018ii/mac5853/url_identifier/db/queries.js","statementMap":{"0":{"start":{"line":4,"column":14},"end":{"line":6,"column":17}},"1":{"start":{"line":7,"column":14},"end":{"line":11,"column":6}},"2":{"start":{"line":8,"column":8},"end":{"line":10,"column":26}},"3":{"start":{"line":12,"column":4},"end":{"line":17,"column":7}},"4":{"start":{"line":13,"column":8},"end":{"line":16,"column":58}},"5":{"start":{"line":21,"column":4},"end":{"line":30,"column":6}},"6":{"start":{"line":25,"column":8},"end":{"line":25,"column":38}},"7":{"start":{"line":26,"column":8},"end":{"line":29,"column":10}},"8":{"start":{"line":34,"column":4},"end":{"line":39,"column":6}},"9":{"start":{"line":38,"column":8},"end":{"line":38,"column":63}},"10":{"start":{"line":43,"column":4},"end":{"line":46,"column":6}},"11":{"start":{"line":50,"column":4},"end":{"line":57,"column":6}},"12":{"start":{"line":51,"column":8},"end":{"line":56,"column":11}},"13":{"start":{"line":55,"column":12},"end":{"line":55,"column":62}},"14":{"start":{"line":60,"column":0},"end":{"line":65,"column":1}}},"fnMap":{"0":{"name":"insertNewWebsite","decl":{"start":{"line":3,"column":9},"end":{"line":3,"column":25}},"loc":{"start":{"line":3,"column":60},"end":{"line":18,"column":1}},"line":3},"1":{"name":"(anonymous_1)","decl":{"start":{"line":7,"column":24},"end":{"line":7,"column":25}},"loc":{"start":{"line":7,"column":30},"end":{"line":11,"column":5}},"line":7},"2":{"name":"(anonymous_2)","decl":{"start":{"line":12,"column":21},"end":{"line":12,"column":22}},"loc":{"start":{"line":12,"column":27},"end":{"line":17,"column":5}},"line":12},"3":{"name":"updateWebsiteVerdict","decl":{"start":{"line":20,"column":9},"end":{"line":20,"column":29}},"loc":{"start":{"line":20,"column":55},"end":{"line":31,"column":1}},"line":20},"4":{"name":"(anonymous_4)","decl":{"start":{"line":24,"column":12},"end":{"line":24,"column":13}},"loc":{"start":{"line":24,"column":21},"end":{"line":30,"column":5}},"line":24},"5":{"name":"updateWebsiteRequest","decl":{"start":{"line":33,"column":9},"end":{"line":33,"column":29}},"loc":{"start":{"line":33,"column":46},"end":{"line":40,"column":1}},"line":33},"6":{"name":"(anonymous_6)","decl":{"start":{"line":37,"column":12},"end":{"line":37,"column":13}},"loc":{"start":{"line":37,"column":21},"end":{"line":39,"column":5}},"line":37},"7":{"name":"setRequestStatus","decl":{"start":{"line":42,"column":9},"end":{"line":42,"column":25}},"loc":{"start":{"line":42,"column":42},"end":{"line":47,"column":1}},"line":42},"8":{"name":"setCompleteAllSites","decl":{"start":{"line":49,"column":9},"end":{"line":49,"column":28}},"loc":{"start":{"line":49,"column":40},"end":{"line":58,"column":1}},"line":49},"9":{"name":"(anonymous_9)","decl":{"start":{"line":50,"column":14},"end":{"line":50,"column":15}},"loc":{"start":{"line":50,"column":24},"end":{"line":57,"column":5}},"line":50},"10":{"name":"(anonymous_10)","decl":{"start":{"line":54,"column":16},"end":{"line":54,"column":17}},"loc":{"start":{"line":54,"column":25},"end":{"line":56,"column":9}},"line":54}},"branchMap":{},"s":{"0":1,"1":1,"2":1,"3":1,"4":1,"5":1,"6":1,"7":1,"8":1,"9":1,"10":1,"11":1,"12":2,"13":0,"14":3},"f":{"0":1,"1":1,"2":1,"3":1,"4":1,"5":1,"6":1,"7":1,"8":1,"9":2,"10":0},"b":{},"_coverageSchema":"332fd63041d2c1bcb487cc26dd0d5f7d97098a6c","hash":"24f11d9008ed4162e31aba4bb07f050dc2f6cdc0"}
}
