{"/home/bruno/programming/bcc/cloud/2018ii/mac5853/url_identifier/controllers/regexEvaluation.js": {"path":"/home/bruno/programming/bcc/cloud/2018ii/mac5853/url_identifier/controllers/regexEvaluation.js","statementMap":{"0":{"start":{"line":1,"column":0},"end":{"line":44,"column":1}},"1":{"start":{"line":47,"column":25},"end":{"line":47,"column":49}},"2":{"start":{"line":48,"column":18},"end":{"line":48,"column":19}},"3":{"start":{"line":49,"column":4},"end":{"line":58,"column":5}},"4":{"start":{"line":50,"column":19},"end":{"line":50,"column":34}},"5":{"start":{"line":51,"column":18},"end":{"line":51,"column":25}},"6":{"start":{"line":52,"column":8},"end":{"line":52,"column":29}},"7":{"start":{"line":53,"column":8},"end":{"line":57,"column":9}},"8":{"start":{"line":53,"column":30},"end":{"line":53,"column":44}},"9":{"start":{"line":53,"column":62},"end":{"line":53,"column":65}},"10":{"start":{"line":54,"column":12},"end":{"line":54,"column":32}},"11":{"start":{"line":55,"column":12},"end":{"line":55,"column":24}},"12":{"start":{"line":56,"column":12},"end":{"line":56,"column":18}},"13":{"start":{"line":59,"column":4},"end":{"line":59,"column":37}},"14":{"start":{"line":62,"column":0},"end":{"line":62,"column":32}}},"fnMap":{"0":{"name":"regexEvaluation","decl":{"start":{"line":46,"column":9},"end":{"line":46,"column":24}},"loc":{"start":{"line":46,"column":31},"end":{"line":60,"column":1}},"line":46},"1":{"name":"(anonymous_1)","decl":{"start":{"line":53,"column":21},"end":{"line":53,"column":22}},"loc":{"start":{"line":53,"column":30},"end":{"line":53,"column":44}},"line":53},"2":{"name":"(anonymous_2)","decl":{"start":{"line":53,"column":53},"end":{"line":53,"column":54}},"loc":{"start":{"line":53,"column":62},"end":{"line":53,"column":65}},"line":53}},"branchMap":{"0":{"loc":{"start":{"line":53,"column":8},"end":{"line":57,"column":9}},"type":"if","locations":[{"start":{"line":53,"column":8},"end":{"line":57,"column":9}},{"start":{"line":53,"column":8},"end":{"line":57,"column":9}}],"line":53}},"s":{"0":3,"1":2,"2":2,"3":2,"4":6,"5":6,"6":6,"7":6,"8":30,"9":24,"10":1,"11":1,"12":1,"13":2,"14":3},"f":{"0":2,"1":30,"2":24},"b":{"0":[1,5]},"_coverageSchema":"332fd63041d2c1bcb487cc26dd0d5f7d97098a6c","hash":"f92391a7afbaad31d3154fdfe733a9bfe6352590"}
,"/home/bruno/programming/bcc/cloud/2018ii/mac5853/url_identifier/controllers/utils.js": {"path":"/home/bruno/programming/bcc/cloud/2018ii/mac5853/url_identifier/controllers/utils.js","statementMap":{"0":{"start":{"line":1,"column":11},"end":{"line":1,"column":35}},"1":{"start":{"line":2,"column":24},"end":{"line":2,"column":52}},"2":{"start":{"line":5,"column":4},"end":{"line":6,"column":24}},"3":{"start":{"line":7,"column":4},"end":{"line":10,"column":50}},"4":{"start":{"line":8,"column":8},"end":{"line":8,"column":56}},"5":{"start":{"line":10,"column":8},"end":{"line":10,"column":50}},"6":{"start":{"line":11,"column":4},"end":{"line":11,"column":48}},"7":{"start":{"line":12,"column":4},"end":{"line":12,"column":62}},"8":{"start":{"line":13,"column":4},"end":{"line":13,"column":45}},"9":{"start":{"line":14,"column":4},"end":{"line":14,"column":28}},"10":{"start":{"line":18,"column":15},"end":{"line":18,"column":17}},"11":{"start":{"line":19,"column":4},"end":{"line":19,"column":23}},"12":{"start":{"line":20,"column":4},"end":{"line":20,"column":36}},"13":{"start":{"line":21,"column":4},"end":{"line":21,"column":31}},"14":{"start":{"line":22,"column":4},"end":{"line":22,"column":16}},"15":{"start":{"line":25,"column":0},"end":{"line":25,"column":39}}},"fnMap":{"0":{"name":"handleSite","decl":{"start":{"line":4,"column":15},"end":{"line":4,"column":25}},"loc":{"start":{"line":4,"column":43},"end":{"line":15,"column":1}},"line":4},"1":{"name":"siteHash","decl":{"start":{"line":17,"column":9},"end":{"line":17,"column":17}},"loc":{"start":{"line":17,"column":41},"end":{"line":23,"column":1}},"line":17}},"branchMap":{"0":{"loc":{"start":{"line":7,"column":4},"end":{"line":10,"column":50}},"type":"if","locations":[{"start":{"line":7,"column":4},"end":{"line":10,"column":50}},{"start":{"line":7,"column":4},"end":{"line":10,"column":50}}],"line":7}},"s":{"0":2,"1":2,"2":4,"3":4,"4":1,"5":3,"6":4,"7":4,"8":4,"9":4,"10":1,"11":1,"12":1,"13":1,"14":1,"15":2},"f":{"0":4,"1":1},"b":{"0":[1,3]},"_coverageSchema":"332fd63041d2c1bcb487cc26dd0d5f7d97098a6c","hash":"a71a8ba0c511e7d7b92539e28ac5a2826216295e"}
,"/home/bruno/programming/bcc/cloud/2018ii/mac5853/url_identifier/controllers/verifier.js": {"path":"/home/bruno/programming/bcc/cloud/2018ii/mac5853/url_identifier/controllers/verifier.js","statementMap":{"0":{"start":{"line":1,"column":11},"end":{"line":1,"column":37}},"1":{"start":{"line":2,"column":11},"end":{"line":2,"column":35}},"2":{"start":{"line":3,"column":14},"end":{"line":3,"column":32}},"3":{"start":{"line":6,"column":18},"end":{"line":6,"column":50}},"4":{"start":{"line":8,"column":4},"end":{"line":18,"column":7}},"5":{"start":{"line":9,"column":8},"end":{"line":9,"column":41}},"6":{"start":{"line":10,"column":8},"end":{"line":17,"column":11}},"7":{"start":{"line":11,"column":12},"end":{"line":11,"column":73}},"8":{"start":{"line":12,"column":12},"end":{"line":12,"column":57}},"9":{"start":{"line":14,"column":12},"end":{"line":14,"column":51}},"10":{"start":{"line":15,"column":12},"end":{"line":15,"column":71}},"11":{"start":{"line":16,"column":12},"end":{"line":16,"column":57}},"12":{"start":{"line":20,"column":15},"end":{"line":20,"column":17}},"13":{"start":{"line":21,"column":4},"end":{"line":21,"column":49}},"14":{"start":{"line":22,"column":4},"end":{"line":22,"column":34}},"15":{"start":{"line":24,"column":4},"end":{"line":24,"column":16}},"16":{"start":{"line":28,"column":0},"end":{"line":28,"column":26}}},"fnMap":{"0":{"name":"verifier","decl":{"start":{"line":5,"column":15},"end":{"line":5,"column":23}},"loc":{"start":{"line":5,"column":37},"end":{"line":25,"column":1}},"line":5},"1":{"name":"(anonymous_1)","decl":{"start":{"line":8,"column":26},"end":{"line":8,"column":27}},"loc":{"start":{"line":8,"column":36},"end":{"line":18,"column":5}},"line":8},"2":{"name":"(anonymous_2)","decl":{"start":{"line":10,"column":29},"end":{"line":10,"column":30}},"loc":{"start":{"line":10,"column":45},"end":{"line":13,"column":9}},"line":10},"3":{"name":"(anonymous_3)","decl":{"start":{"line":13,"column":17},"end":{"line":13,"column":18}},"loc":{"start":{"line":13,"column":32},"end":{"line":17,"column":9}},"line":13}},"branchMap":{},"s":{"0":1,"1":1,"2":1,"3":1,"4":1,"5":2,"6":2,"7":2,"8":2,"9":0,"10":0,"11":0,"12":1,"13":1,"14":1,"15":1,"16":1},"f":{"0":1,"1":2,"2":2,"3":0},"b":{},"_coverageSchema":"332fd63041d2c1bcb487cc26dd0d5f7d97098a6c","hash":"b202dc9e9629fc22b645906a03a46ce5fea5600a"}
,"/home/bruno/programming/bcc/cloud/2018ii/mac5853/url_identifier/db/queries.js": {"path":"/home/bruno/programming/bcc/cloud/2018ii/mac5853/url_identifier/db/queries.js","statementMap":{"0":{"start":{"line":1,"column":14},"end":{"line":1,"column":30}},"1":{"start":{"line":2,"column":11},"end":{"line":2,"column":24}},"2":{"start":{"line":4,"column":15},"end":{"line":10,"column":1}},"3":{"start":{"line":12,"column":14},"end":{"line":12,"column":33}},"4":{"start":{"line":16,"column":8},"end":{"line":16,"column":59}},"5":{"start":{"line":19,"column":8},"end":{"line":25,"column":12}},"6":{"start":{"line":20,"column":12},"end":{"line":24,"column":16}},"7":{"start":{"line":21,"column":16},"end":{"line":22,"column":41}},"8":{"start":{"line":22,"column":20},"end":{"line":22,"column":41}},"9":{"start":{"line":23,"column":16},"end":{"line":23,"column":32}},"10":{"start":{"line":28,"column":8},"end":{"line":34,"column":12}},"11":{"start":{"line":29,"column":12},"end":{"line":33,"column":16}},"12":{"start":{"line":30,"column":16},"end":{"line":31,"column":41}},"13":{"start":{"line":31,"column":20},"end":{"line":31,"column":41}},"14":{"start":{"line":32,"column":16},"end":{"line":32,"column":26}},"15":{"start":{"line":39,"column":0},"end":{"line":39,"column":26}},"16":{"start":{"line":44,"column":14},"end":{"line":46,"column":17}},"17":{"start":{"line":47,"column":14},"end":{"line":51,"column":6}},"18":{"start":{"line":48,"column":8},"end":{"line":50,"column":26}},"19":{"start":{"line":52,"column":4},"end":{"line":57,"column":7}},"20":{"start":{"line":53,"column":8},"end":{"line":56,"column":58}},"21":{"start":{"line":61,"column":4},"end":{"line":70,"column":6}},"22":{"start":{"line":65,"column":8},"end":{"line":65,"column":38}},"23":{"start":{"line":66,"column":8},"end":{"line":69,"column":10}},"24":{"start":{"line":74,"column":4},"end":{"line":79,"column":6}},"25":{"start":{"line":78,"column":8},"end":{"line":78,"column":59}},"26":{"start":{"line":97,"column":4},"end":{"line":100,"column":6}},"27":{"start":{"line":104,"column":4},"end":{"line":111,"column":6}},"28":{"start":{"line":105,"column":8},"end":{"line":110,"column":11}},"29":{"start":{"line":109,"column":12},"end":{"line":109,"column":58}},"30":{"start":{"line":114,"column":0},"end":{"line":120,"column":1}}},"fnMap":{"0":{"name":"(anonymous_0)","decl":{"start":{"line":15,"column":4},"end":{"line":15,"column":5}},"loc":{"start":{"line":15,"column":26},"end":{"line":17,"column":5}},"line":15},"1":{"name":"(anonymous_1)","decl":{"start":{"line":18,"column":4},"end":{"line":18,"column":5}},"loc":{"start":{"line":18,"column":23},"end":{"line":26,"column":5}},"line":18},"2":{"name":"(anonymous_2)","decl":{"start":{"line":19,"column":28},"end":{"line":19,"column":29}},"loc":{"start":{"line":19,"column":51},"end":{"line":25,"column":9}},"line":19},"3":{"name":"(anonymous_3)","decl":{"start":{"line":20,"column":46},"end":{"line":20,"column":47}},"loc":{"start":{"line":20,"column":63},"end":{"line":24,"column":13}},"line":20},"4":{"name":"(anonymous_4)","decl":{"start":{"line":27,"column":4},"end":{"line":27,"column":5}},"loc":{"start":{"line":27,"column":12},"end":{"line":35,"column":5}},"line":27},"5":{"name":"(anonymous_5)","decl":{"start":{"line":28,"column":28},"end":{"line":28,"column":29}},"loc":{"start":{"line":28,"column":51},"end":{"line":34,"column":9}},"line":28},"6":{"name":"(anonymous_6)","decl":{"start":{"line":29,"column":33},"end":{"line":29,"column":34}},"loc":{"start":{"line":29,"column":40},"end":{"line":33,"column":13}},"line":29},"7":{"name":"insertNewWebsite","decl":{"start":{"line":43,"column":9},"end":{"line":43,"column":25}},"loc":{"start":{"line":43,"column":56},"end":{"line":58,"column":1}},"line":43},"8":{"name":"(anonymous_8)","decl":{"start":{"line":47,"column":24},"end":{"line":47,"column":25}},"loc":{"start":{"line":47,"column":30},"end":{"line":51,"column":5}},"line":47},"9":{"name":"(anonymous_9)","decl":{"start":{"line":52,"column":21},"end":{"line":52,"column":22}},"loc":{"start":{"line":52,"column":27},"end":{"line":57,"column":5}},"line":52},"10":{"name":"updateWebsiteVerdict","decl":{"start":{"line":60,"column":9},"end":{"line":60,"column":29}},"loc":{"start":{"line":60,"column":51},"end":{"line":71,"column":1}},"line":60},"11":{"name":"(anonymous_11)","decl":{"start":{"line":64,"column":12},"end":{"line":64,"column":13}},"loc":{"start":{"line":64,"column":21},"end":{"line":70,"column":5}},"line":64},"12":{"name":"updateWebsiteRequest","decl":{"start":{"line":73,"column":9},"end":{"line":73,"column":29}},"loc":{"start":{"line":73,"column":42},"end":{"line":80,"column":1}},"line":73},"13":{"name":"(anonymous_13)","decl":{"start":{"line":77,"column":12},"end":{"line":77,"column":13}},"loc":{"start":{"line":77,"column":21},"end":{"line":79,"column":5}},"line":77},"14":{"name":"setRequestStatus","decl":{"start":{"line":96,"column":9},"end":{"line":96,"column":25}},"loc":{"start":{"line":96,"column":38},"end":{"line":101,"column":1}},"line":96},"15":{"name":"setCompleteAllSites","decl":{"start":{"line":103,"column":9},"end":{"line":103,"column":28}},"loc":{"start":{"line":103,"column":36},"end":{"line":112,"column":1}},"line":103},"16":{"name":"(anonymous_16)","decl":{"start":{"line":104,"column":14},"end":{"line":104,"column":15}},"loc":{"start":{"line":104,"column":24},"end":{"line":111,"column":5}},"line":104},"17":{"name":"(anonymous_17)","decl":{"start":{"line":108,"column":16},"end":{"line":108,"column":17}},"loc":{"start":{"line":108,"column":25},"end":{"line":110,"column":9}},"line":108}},"branchMap":{"0":{"loc":{"start":{"line":21,"column":16},"end":{"line":22,"column":41}},"type":"if","locations":[{"start":{"line":21,"column":16},"end":{"line":22,"column":41}},{"start":{"line":21,"column":16},"end":{"line":22,"column":41}}],"line":21},"1":{"loc":{"start":{"line":30,"column":16},"end":{"line":31,"column":41}},"type":"if","locations":[{"start":{"line":30,"column":16},"end":{"line":31,"column":41}},{"start":{"line":30,"column":16},"end":{"line":31,"column":41}}],"line":30}},"s":{"0":2,"1":2,"2":2,"3":2,"4":2,"5":0,"6":0,"7":0,"8":0,"9":0,"10":0,"11":0,"12":0,"13":0,"14":0,"15":2,"16":0,"17":0,"18":0,"19":0,"20":0,"21":0,"22":0,"23":0,"24":0,"25":0,"26":0,"27":0,"28":0,"29":0,"30":2},"f":{"0":2,"1":0,"2":0,"3":0,"4":0,"5":0,"6":0,"7":0,"8":0,"9":0,"10":0,"11":0,"12":0,"13":0,"14":0,"15":0,"16":0,"17":0},"b":{"0":[0,0],"1":[0,0]},"_coverageSchema":"332fd63041d2c1bcb487cc26dd0d5f7d97098a6c","hash":"7157860c3ead7be686c6dfc33de06e0f8f4320a6"}
}
