TN:
SF:/home/bruno/programming/bcc/cloud/2018ii/mac5853/url_identifier/controllers/regexEvaluation.js
FN:46,regexEvaluation
FN:53,(anonymous_1)
FN:53,(anonymous_2)
FNF:3
FNH:3
FNDA:2,regexEvaluation
FNDA:30,(anonymous_1)
FNDA:24,(anonymous_2)
DA:1,3
DA:47,2
DA:48,2
DA:49,2
DA:50,6
DA:51,6
DA:52,6
DA:53,30
DA:54,1
DA:55,1
DA:56,1
DA:59,2
DA:62,3
LF:13
LH:13
BRDA:53,0,0,1
BRDA:53,0,1,5
BRF:2
BRH:2
end_of_record
TN:
SF:/home/bruno/programming/bcc/cloud/2018ii/mac5853/url_identifier/controllers/utils.js
FN:4,handleSite
FN:17,siteHash
FNF:2
FNH:2
FNDA:4,handleSite
FNDA:1,siteHash
DA:1,2
DA:2,2
DA:5,4
DA:7,4
DA:8,1
DA:10,3
DA:11,4
DA:12,4
DA:13,4
DA:14,4
DA:18,1
DA:19,1
DA:20,1
DA:21,1
DA:22,1
DA:25,2
LF:16
LH:16
BRDA:7,0,0,1
BRDA:7,0,1,3
BRF:2
BRH:2
end_of_record
TN:
SF:/home/bruno/programming/bcc/cloud/2018ii/mac5853/url_identifier/controllers/verifier.js
FN:15,verifier
FN:18,(anonymous_1)
FN:20,(anonymous_2)
FN:23,(anonymous_3)
FNF:4
FNH:3
FNDA:1,verifier
FNDA:2,(anonymous_1)
FNDA:2,(anonymous_2)
FNDA:0,(anonymous_3)
DA:1,1
DA:2,1
DA:3,1
DA:4,1
DA:6,1
DA:13,1
DA:16,1
DA:18,1
DA:19,2
DA:20,2
DA:21,2
DA:22,2
DA:24,0
DA:25,0
DA:26,0
DA:30,1
DA:31,1
DA:32,1
DA:34,1
DA:38,1
LF:20
LH:17
BRF:0
BRH:0
end_of_record
TN:
SF:/home/bruno/programming/bcc/cloud/2018ii/mac5853/url_identifier/db/database.js
FN:5,(anonymous_0)
FN:8,(anonymous_1)
FN:9,(anonymous_2)
FN:10,(anonymous_3)
FN:17,(anonymous_4)
FN:18,(anonymous_5)
FN:19,(anonymous_6)
FNF:7
FNH:1
FNDA:1,(anonymous_0)
FNDA:0,(anonymous_1)
FNDA:0,(anonymous_2)
FNDA:0,(anonymous_3)
FNDA:0,(anonymous_4)
FNDA:0,(anonymous_5)
FNDA:0,(anonymous_6)
DA:1,1
DA:2,1
DA:6,1
DA:9,0
DA:10,0
DA:11,0
DA:12,0
DA:13,0
DA:18,0
DA:19,0
DA:20,0
DA:21,0
DA:22,0
DA:28,1
LF:14
LH:4
BRDA:11,0,0,0
BRDA:11,0,1,0
BRDA:20,1,0,0
BRDA:20,1,1,0
BRF:4
BRH:0
end_of_record
TN:
SF:/home/bruno/programming/bcc/cloud/2018ii/mac5853/url_identifier/db/queries.js
FN:3,insertNewWebsite
FN:7,(anonymous_1)
FN:12,(anonymous_2)
FN:20,updateWebsiteVerdict
FN:24,(anonymous_4)
FN:33,updateWebsiteRequest
FN:37,(anonymous_6)
FN:42,setRequestStatus
FN:49,setCompleteAllSites
FN:50,(anonymous_9)
FN:54,(anonymous_10)
FNF:11
FNH:10
FNDA:1,insertNewWebsite
FNDA:1,(anonymous_1)
FNDA:1,(anonymous_2)
FNDA:1,updateWebsiteVerdict
FNDA:1,(anonymous_4)
FNDA:1,updateWebsiteRequest
FNDA:1,(anonymous_6)
FNDA:1,setRequestStatus
FNDA:1,setCompleteAllSites
FNDA:2,(anonymous_9)
FNDA:0,(anonymous_10)
DA:4,1
DA:7,1
DA:8,1
DA:12,1
DA:13,1
DA:21,1
DA:25,1
DA:26,1
DA:34,1
DA:38,1
DA:43,1
DA:50,1
DA:51,2
DA:55,0
DA:60,3
LF:15
LH:14
BRF:0
BRH:0
end_of_record
