TN:
SF:/home/bruno/programming/bcc/cloud/2018ii/mac5853/url_identifier/controllers/regexEvaluation.js
FN:46,regexEvaluation
FN:53,(anonymous_1)
FN:53,(anonymous_2)
FNF:3
FNH:3
FNDA:2,regexEvaluation
FNDA:30,(anonymous_1)
FNDA:24,(anonymous_2)
DA:1,3
DA:47,2
DA:48,2
DA:49,2
DA:50,6
DA:51,6
DA:52,6
DA:53,30
DA:54,1
DA:55,1
DA:56,1
DA:59,2
DA:62,3
LF:13
LH:13
BRDA:53,0,0,1
BRDA:53,0,1,5
BRF:2
BRH:2
end_of_record
TN:
SF:/home/bruno/programming/bcc/cloud/2018ii/mac5853/url_identifier/controllers/utils.js
FN:4,handleSite
FN:17,siteHash
FNF:2
FNH:2
FNDA:4,handleSite
FNDA:1,siteHash
DA:1,2
DA:2,2
DA:5,4
DA:7,4
DA:8,1
DA:10,3
DA:11,4
DA:12,4
DA:13,4
DA:14,4
DA:18,1
DA:19,1
DA:20,1
DA:21,1
DA:22,1
DA:25,2
LF:16
LH:16
BRDA:7,0,0,1
BRDA:7,0,1,3
BRF:2
BRH:2
end_of_record
TN:
SF:/home/bruno/programming/bcc/cloud/2018ii/mac5853/url_identifier/controllers/verifier.js
FN:5,verifier
FN:8,(anonymous_1)
FN:10,(anonymous_2)
FN:13,(anonymous_3)
FNF:4
FNH:3
FNDA:1,verifier
FNDA:2,(anonymous_1)
FNDA:2,(anonymous_2)
FNDA:0,(anonymous_3)
DA:1,1
DA:2,1
DA:3,1
DA:6,1
DA:8,1
DA:9,2
DA:10,2
DA:11,2
DA:12,2
DA:14,0
DA:15,0
DA:16,0
DA:20,1
DA:21,1
DA:22,1
DA:24,1
DA:28,1
LF:17
LH:14
BRF:0
BRH:0
end_of_record
TN:
SF:/home/bruno/programming/bcc/cloud/2018ii/mac5853/url_identifier/db/queries.js
FN:15,(anonymous_0)
FN:18,(anonymous_1)
FN:19,(anonymous_2)
FN:20,(anonymous_3)
FN:27,(anonymous_4)
FN:28,(anonymous_5)
FN:29,(anonymous_6)
FN:43,insertNewWebsite
FN:47,(anonymous_8)
FN:52,(anonymous_9)
FN:60,updateWebsiteVerdict
FN:64,(anonymous_11)
FN:73,updateWebsiteRequest
FN:77,(anonymous_13)
FN:96,setRequestStatus
FN:103,setCompleteAllSites
FN:104,(anonymous_16)
FN:108,(anonymous_17)
FNF:18
FNH:1
FNDA:2,(anonymous_0)
FNDA:0,(anonymous_1)
FNDA:0,(anonymous_2)
FNDA:0,(anonymous_3)
FNDA:0,(anonymous_4)
FNDA:0,(anonymous_5)
FNDA:0,(anonymous_6)
FNDA:0,insertNewWebsite
FNDA:0,(anonymous_8)
FNDA:0,(anonymous_9)
FNDA:0,updateWebsiteVerdict
FNDA:0,(anonymous_11)
FNDA:0,updateWebsiteRequest
FNDA:0,(anonymous_13)
FNDA:0,setRequestStatus
FNDA:0,setCompleteAllSites
FNDA:0,(anonymous_16)
FNDA:0,(anonymous_17)
DA:1,2
DA:2,2
DA:4,2
DA:12,2
DA:16,2
DA:19,0
DA:20,0
DA:21,0
DA:22,0
DA:23,0
DA:28,0
DA:29,0
DA:30,0
DA:31,0
DA:32,0
DA:39,2
DA:44,0
DA:47,0
DA:48,0
DA:52,0
DA:53,0
DA:61,0
DA:65,0
DA:66,0
DA:74,0
DA:78,0
DA:97,0
DA:104,0
DA:105,0
DA:109,0
DA:114,2
LF:31
LH:7
BRDA:21,0,0,0
BRDA:21,0,1,0
BRDA:30,1,0,0
BRDA:30,1,1,0
BRF:4
BRH:0
end_of_record
